[debug] [2024-01-05T20:33:22.742Z] ----------------------------------------------------------------------
[debug] [2024-01-05T20:33:22.744Z] Command:       C:\Program Files\nodejs\node.exe C:\Users\dikanoji\AppData\Roaming\npm\node_modules\firebase-tools\lib\bin\firebase.js login
[debug] [2024-01-05T20:33:22.745Z] CLI Version:   13.0.2
[debug] [2024-01-05T20:33:22.745Z] Platform:      win32
[debug] [2024-01-05T20:33:22.745Z] Node Version:  v18.14.2
[debug] [2024-01-05T20:33:22.747Z] Time:          Sat Jan 06 2024 02:03:22 GMT+0530 (India Standard Time)
[debug] [2024-01-05T20:33:22.747Z] ----------------------------------------------------------------------
[debug] 
[info] i  Firebase optionally collects CLI and Emulator Suite usage and error reporting information to help improve our products. Data is collected in accordance with Google's privacy policy (https://policies.google.com/privacy) and is not used to identify you.
 
[info] i  To change your data collection preference at any time, run `firebase logout` and log in again. 
[info] 
[info] Visit this URL on this device to log in:
[info] https://accounts.google.com/o/oauth2/auth?client_id=563584335869-fgrhgmd47bqnekij5i8b5pr03ho849e6.apps.googleusercontent.com&scope=email%20openid%20https%3A%2F%2Fwww.googleapis.com%2Fauth%2Fcloudplatformprojects.readonly%20https%3A%2F%2Fwww.googleapis.com%2Fauth%2Ffirebase%20https%3A%2F%2Fwww.googleapis.com%2Fauth%2Fcloud-platform&response_type=code&state=211295091&redirect_uri=http%3A%2F%2Flocalhost%3A9005
[info] 
[info] Waiting for authentication...
[debug] [2024-01-05T20:33:52.339Z] >>> [apiv2][query] POST https://accounts.google.com/o/oauth2/token [none]
[debug] [2024-01-05T20:33:52.342Z] >>> [apiv2][body] POST https://accounts.google.com/o/oauth2/token [omitted]
[debug] [2024-01-05T20:33:53.217Z] *** [apiv2] error from fetch(https://accounts.google.com/o/oauth2/token, {"headers":{},"method":"POST","body":{"_overheadLength":543,"_valueLength":208,"_valuesToMeasure":[],"writable":false,"readable":true,"dataSize":0,"maxDataSize":2097152,"pauseStreams":true,"_released":true,"_streams":[],"_currentStream":null,"_insideLoop":false,"_pendingNext":false,"_boundary":"--------------------------806444499462424100120728","_events":{},"_eventsCount":1}}): FetchError: request to https://accounts.google.com/o/oauth2/token failed, reason: self-signed certificate in certificate chain
[debug] [2024-01-05T20:33:53.218Z] Token Fetch Error: FirebaseError: Failed to make request to https://accounts.google.com/o/oauth2/token
    at RetryOperation._fn (C:\Users\dikanoji\AppData\Roaming\npm\node_modules\firebase-tools\lib\apiv2.js:246:31)
    at process.processTicksAndRejections (node:internal/process/task_queues:95:5)
[debug] [2024-01-05T20:33:53.230Z] >>> [apiv2][query] POST https://auth.firebase.tools/attest [none]
[debug] [2024-01-05T20:33:53.230Z] >>> [apiv2][body] POST https://auth.firebase.tools/attest {"session_id":"68ccb483-9934-4431-a717-09c728a32870"}
[debug] [2024-01-05T20:33:54.395Z] <<< [apiv2][status] POST https://auth.firebase.tools/attest 200
[debug] [2024-01-05T20:33:54.396Z] <<< [apiv2][body] POST https://auth.firebase.tools/attest {"token":"YbC-l780ZzlheM7gvMO2lY9ei9qlxSXMbAwSRivqo-8"}
[info] 
[info] To sign in to the Firebase CLI:
[info] 
[info] 1. Take note of your session ID:
[info] 
[info]    68CCB
[info] 
[info] 2. Visit the URL below on any device and follow the instructions to get your code:
[info] 
[info]    https://auth.firebase.tools/login?code_challenge=6KzHQ3cT6QQ4IAXwI_lAsfDgeIWUwaaAXxOt0J8E-5Y&session=68ccb483-9934-4431-a717-09c728a32870&attest=YbC-l780ZzlheM7gvMO2lY9ei9qlxSXMbAwSRivqo-8
[info] 
[info] 3. Paste or enter the authorization code below once you have it:
[info] 
